<?xml version='1.0' encoding='utf-8'?>
<testsuite name="Offline regression evidence (sanitized)" tests="760" skipped="45" failures="0" errors="0"><testcase classname="tests.test_alpaca_paper_gauntlet" name="test_gauntlet_report_uses_atomic_writer" time="0.005" /><testcase classname="tests.test_alpaca_paper_gauntlet" name="test_gauntlet_equity_snapshot_has_no_direct_csv_write" time="0.000" /><testcase classname="tests.test_alpaca_sdk_adapter" name="test_compat_object_turns_sdk_enum_into_plain_string" time="0.000" /><testcase classname="tests.test_alpaca_sdk_adapter" name="test_adapter_routes_basic_account_position_and_cancel_calls" time="0.000" /><testcase classname="tests.test_alternative_data_features" name="test_eps_revision_skips_zero_past_estimate" time="0.002" /><testcase classname="tests.test_alternative_data_features" name="test_eps_revision_skips_non_finite_inputs" time="0.000" /><testcase classname="tests.test_alternative_data_features" name="test_eps_revision_normal_values_still_compute_and_clip" time="0.000" /><testcase classname="tests.test_audit_evidence_recovery" name="test_activity_paging_recovers_244_rows" time="0.000" /><testcase classname="tests.test_audit_evidence_recovery" name="test_activity_duplicate_or_interrupted_page_cannot_pass" time="0.000" /><testcase classname="tests.test_audit_evidence_recovery" name="test_separate_broker_fee_charged_once_and_margin_replayed" time="0.005" /><testcase classname="tests.test_audit_evidence_recovery" name="test_unknown_account_activity_is_not_silently_ignored" time="0.000" /><testcase classname="tests.test_audit_evidence_recovery" name="test_membership_intervals_do_not_extend_source_or_erase_reentry" time="0.003" /><testcase classname="tests.test_audit_evidence_recovery" name="test_conflicting_membership_dates_block_import" time="0.001" /><testcase classname="tests.test_audit_evidence_recovery" name="test_inferred_opening_balances_cannot_certify_freeze" time="0.000" /><testcase classname="tests.test_audit_evidence_recovery" name="test_verified_interval_partial_fills_fees_and_independent_balances" time="0.010" /><testcase classname="tests.test_audit_evidence_recovery" name="test_inferred_balance_input_is_rejected_before_network" time="0.000" /><testcase classname="tests.test_audit_evidence_recovery" name="test_market_pages_follow_short_pages_and_reject_token_loop" time="0.000" /><testcase classname="tests.test_audit_evidence_recovery" name="test_action_recovery_keeps_missing_payment_date_unverified" time="0.003" /><testcase classname="tests.test_audit_three_fixes" name="test_core_fold_starts_flat_and_purges_boundary_crossing_trades" time="0.105" /><testcase classname="tests.test_audit_three_fixes" name="test_tqqq_fold_uses_same_flat_full_period_boundaries" time="0.006" /><testcase classname="tests.test_audit_three_fixes" name="test_logical_order_rates_include_open_canceled_and_partial_denominators" time="0.004" /><testcase classname="tests.test_audit_three_fixes" name="test_stage_children_group_once_but_true_second_attempt_chain_is_duplicate" time="0.004" /><testcase classname="tests.test_audit_three_fixes" name="test_missing_requested_quantity_is_visible_and_fails_closed" time="0.002" /><testcase classname="tests.test_audit_three_fixes" name="test_current_factor_warning_blocks_bundle_even_when_embedded_review_passed" time="0.017" /><testcase classname="tests.test_broker_health" name="test_broker_health_rejects_nonfinite_equity" time="0.001" /><testcase classname="tests.test_broker_health" name="test_broker_health_accepts_positive_finite_equity" time="0.000" /><testcase classname="tests.test_broker_interface" name="test_buy_more_into_long_weighted_averages_avg_price" time="0.000" /><testcase classname="tests.test_broker_interface" name="test_sell_part_of_long_keeps_avg_price" time="0.000" /><testcase classname="tests.test_broker_interface" name="test_sell_exact_long_removes_position" time="0.000" /><testcase classname="tests.test_broker_interface" name="test_sell_more_than_long_flips_to_short_at_fill_price" time="0.000" /><testcase classname="tests.test_broker_interface" name="test_sell_more_into_short_weighted_averages_avg_price" time="0.000" /><testcase classname="tests.test_broker_interface" name="test_buy_part_of_short_keeps_avg_price" time="0.000" /><testcase classname="tests.test_broker_interface" name="test_buy_more_than_short_flips_to_long_at_fill_price" time="0.000" /><testcase classname="tests.test_broker_truth" name="test_broker_truth_flags_failed_order_and_missing_stop" time="0.010" /><testcase classname="tests.test_broker_truth" name="test_write_broker_truth_writes_latest_and_dated_outputs" time="0.022" /><testcase classname="tests.test_broker_truth" name="test_live_positions_override_saved_status_snapshot" time="0.002" /><testcase classname="tests.test_broker_truth" name="test_live_empty_account_overrides_stale_saved_positions" time="0.002" /><testcase classname="tests.test_broker_truth" name="test_empty_signal_targets_do_not_create_false_all_cash_weight_gap" time="0.002" /><testcase classname="tests.test_broker_truth" name="test_canonical_alignment_passes_and_fails_settled_weight_limits" time="0.000" /><testcase classname="tests.test_broker_truth" name="test_protective_stops_do_not_hide_drift_or_count_as_rebalance_orders" time="0.000" /><testcase classname="tests.test_broker_truth" name="test_ordinary_open_orders_are_pending_then_timeout" time="0.000" /><testcase classname="tests.test_broker_truth" name="test_canonical_alignment_collects_when_live_evidence_is_missing" time="0.000" /><testcase classname="tests.test_broker_truth" name="test_required_alignment_wait_polls_until_pass" time="0.000" /><testcase classname="tests.test_broker_truth" name="test_required_alignment_wait_marks_pending_timeout" time="0.000" /><testcase classname="tests.test_broker_truth" name="test_require_alignment_cli_exits_nonzero_without_live_proof" time="0.001" /><testcase classname="tests.test_broker_truth" name="test_safe_alignment_recovery_plan_is_review_only" time="0.000" /><testcase classname="tests.test_broker_truth" name="test_recovery_plan_never_duplicates_active_orders_or_non_alignment_failures" time="0.000" /><testcase classname="tests.test_broker_truth" name="test_alignment_incident_ledger_is_idempotent_and_records_resolution" time="0.006" /><testcase classname="tests.test_broker_truth" name="test_report_only_write_does_not_open_or_clear_post_trade_incidents" time="0.017" /><testcase classname="tests.test_broker_truth" name="test_missing_evidence_does_not_close_open_alignment_incident" time="0.004" /><testcase classname="tests.test_broker_truth" name="test_daily_workflow_publishes_broker_truth" time="0.000" /><testcase classname="tests.test_brokers" name="test_halt_sentinel_uses_atomic_writer" time="0.000" /><testcase classname="tests.test_brokers.TestParseTargetWeights" name="test_basic_spy_qqq" time="0.000" /><testcase classname="tests.test_brokers.TestParseTargetWeights" name="test_tqqq_signal" time="0.000" /><testcase classname="tests.test_brokers.TestParseTargetWeights" name="test_zero_weights_excluded" time="0.000" /><testcase classname="tests.test_brokers.TestParseTargetWeights" name="test_overlay_weights_parsed" time="0.000" /><testcase classname="tests.test_brokers.TestParseTargetWeights" name="test_missing_overlay_json" time="0.000" /><testcase classname="tests.test_brokers.TestParseTargetWeights" name="test_malformed_overlay_json" time="0.000" /><testcase classname="tests.test_brokers.TestParseTargetWeights" name="test_missing_tqqq_weight" time="0.000" /><testcase classname="tests.test_brokers.TestSignalSafetyParsing" name="test_sanity_reads_current_signal_schema_without_blocking_core_etfs" time="0.000" /><testcase classname="tests.test_brokers.TestSignalSafetyParsing" name="test_sanity_fails_closed_when_weights_are_missing" time="0.000" /><testcase classname="tests.test_brokers.TestSignalSafetyParsing" name="test_sanity_catches_overlay_concentration_in_current_schema" time="0.000" /><testcase classname="tests.test_brokers.TestScaleWeights" name="test_no_scaling_needed" time="0.000" /><testcase classname="tests.test_brokers.TestScaleWeights" name="test_scales_down_when_over_limit" time="0.000" /><testcase classname="tests.test_brokers.TestScaleWeights" name="test_empty_weights" time="0.000" /><testcase classname="tests.test_brokers.TestScaleWeights" name="test_nonfinite_weights_are_dropped_before_scaling" time="0.000" /><testcase classname="tests.test_brokers.TestScaleWeights" name="test_nonfinite_max_gross_returns_empty" time="0.000" /><testcase classname="tests.test_brokers.TestAlpacaSignalFreshness" name="test_latest_completed_us_trading_day_skips_nyse_holiday" time="0.094" /><testcase classname="tests.test_brokers.TestAlpacaSignalFreshness" name="test_signal_freshness_allows_prior_session_on_nyse_holiday" time="0.001" /><testcase classname="tests.test_brokers.TestAlpacaSignalFreshness" name="test_fresh_signal_passes" time="0.000" /><testcase classname="tests.test_brokers.TestAlpacaSignalFreshness" name="test_stale_predicted_at_fails_closed" time="0.000" /><testcase classname="tests.test_brokers.TestAlpacaSignalFreshness" name="test_future_predicted_at_fails_closed" time="0.000" /><testcase classname="tests.test_brokers.TestAlpacaSignalFreshness" name="test_stale_latest_factor_date_fails_closed" time="0.000" /><testcase classname="tests.test_brokers.TestAlpacaSignalFreshness" name="test_missing_freshness_fields_fail_closed" time="0.000" /><testcase classname="tests.test_brokers.TestAlpacaSignalFreshness" name="test_allow_stale_signal_returns_issues_without_raising" time="0.000" /><testcase classname="tests.test_brokers.TestAlpacaSignalFreshness" name="test_live_config_hash_match_passes" time="0.001" /><testcase classname="tests.test_brokers.TestAlpacaSignalFreshness" name="test_live_config_hash_mismatch_fails_closed" time="0.001" /><testcase classname="tests.test_brokers.TestAlpacaSignalFreshness" name="test_allow_stale_signal_does_not_bypass_live_config_mismatch" time="0.001" /><testcase classname="tests.test_brokers" name="test_alpaca_load_signal_requires_medium_risk_review" time="0.001" /><testcase classname="tests.test_brokers" name="test_generate_orders_rejects_nonpositive_broker_equity" time="0.000" /><testcase classname="tests.test_brokers" name="test_generate_orders_rejects_nonfinite_broker_equity" time="0.000" /><testcase classname="tests.test_brokers" name="test_generate_orders_skips_nonfinite_prices" time="0.000" /><testcase classname="tests.test_brokers" name="test_experimental_live_risk_cap_is_off_by_default" time="0.000" /><testcase classname="tests.test_brokers" name="test_experimental_live_risk_cap_can_only_reduce_buy" time="0.059" /><testcase classname="tests.test_brokers" name="test_experimental_live_risk_cap_never_turns_buy_into_sell" time="0.000" /><testcase classname="tests.test_brokers" name="test_experimental_live_risk_cap_refuses_real_endpoint" time="0.000" /><testcase classname="tests.test_brokers" name="test_generate_orders_adds_marketable_limit_prices" time="0.000" /><testcase classname="tests.test_brokers" name="test_generate_orders_clamps_sell_to_broker_sellable_quantity" time="0.000" /><testcase classname="tests.test_brokers" name="test_generate_orders_skips_sell_when_broker_reports_zero_sellable" time="0.000" /><testcase classname="tests.test_brokers" name="test_generate_orders_counts_shares_reserved_by_bot_trailing_stop" time="0.000" /><testcase classname="tests.test_brokers" name="test_execution_quality_summary_separates_minor_and_material_bad_slippage" time="0.000" /><testcase classname="tests.test_brokers" name="test_generate_orders_throttles_high_risk_overlay_buys" time="0.000" /><testcase classname="tests.test_brokers" name="test_generate_orders_keeps_high_risk_sells_exit_ready" time="0.000" /><testcase classname="tests.test_brokers" name="test_generate_orders_ignores_stale_execution_risk_report" time="0.000" /><testcase classname="tests.test_brokers" name="test_generate_orders_throttles_buys_when_execution_scorecard_fails" time="0.000" /><testcase classname="tests.test_brokers" name="test_generate_orders_keeps_scorecard_fail_sells_exit_ready" time="0.000" /><testcase classname="tests.test_brokers" name="test_generate_orders_ignores_stale_execution_scorecard" time="0.000" /><testcase classname="tests.test_brokers" name="test_generate_orders_ignores_ineligible_execution_scorecard" time="0.000" /><testcase classname="tests.test_brokers" name="test_build_submission_order_defaults_to_limit" time="0.000" /><testcase classname="tests.test_brokers" name="test_build_submission_order_can_force_market" time="0.000" /><testcase classname="tests.test_brokers" name="test_alpaca_broker_maps_fixed_stop_to_gtc_stop_order" time="0.000" /><testcase classname="tests.test_brokers" name="test_quote_based_limit_is_available_for_submission" time="0.000" /><testcase classname="tests.test_brokers" name="test_quote_based_limit_falls_back_to_last_price" time="0.000" /><testcase classname="tests.test_brokers" name="test_quote_limits_are_default_but_can_be_disabled" time="0.000" /><testcase classname="tests.test_brokers" name="test_daily_action_uses_quote_limit_reference" time="0.000" /><testcase classname="tests.test_brokers" name="test_market_orders_require_explicit_env_unlock" time="0.000" /><testcase classname="tests.test_brokers" name="test_market_order_env_default_is_ignored_until_unlocked" time="0.000" /><testcase classname="tests.test_brokers" name="test_execution_window_uses_new_york_time" time="0.000" /><testcase classname="tests.test_brokers" name="test_two_stage_client_ids_are_deterministic_and_distinct" time="0.000" /><testcase classname="tests.test_brokers" name="test_scorecard_changes_price_policy_not_quantity" time="0.000" /><testcase classname="tests.test_brokers" name="test_two_stage_limit_finishes_at_passive_midpoint" time="0.000" /><testcase classname="tests.test_brokers" name="test_two_stage_limit_reprices_only_unfilled_remainder" time="0.000" /><testcase classname="tests.test_brokers" name="test_two_stage_limit_does_not_replace_uncertain_cancel" time="0.000" /><testcase classname="tests.test_brokers" name="test_two_stage_limit_handles_cancel_fill_race" time="0.000" /><testcase classname="tests.test_brokers" name="test_two_stage_limit_blocks_wide_refreshed_quote" time="0.000" /><testcase classname="tests.test_brokers" name="test_broker_truth_gate_blocks_buys_on_fail_and_keeps_sells" time="0.000" /><testcase classname="tests.test_brokers" name="test_broker_truth_gate_warning_allows_orders" time="0.000" /><testcase classname="tests.test_brokers" name="test_apply_spread_guard_logs_wide_spread_skip" time="0.000" /><testcase classname="tests.test_brokers" name="test_apply_spread_guard_blocks_missing_quote_when_required" time="0.000" /><testcase classname="tests.test_brokers" name="test_apply_spread_guard_blocks_stale_timestamped_quote" time="0.000" /><testcase classname="tests.test_brokers" name="test_spread_guard_alert_is_deduped" time="0.001" /><testcase classname="tests.test_brokers" name="test_force_does_not_allow_closed_market_queue" time="0.000" /><testcase classname="tests.test_brokers" name="test_submit_rebalance_orders_skips_buys_when_sell_submission_fails" time="0.000" /><testcase classname="tests.test_brokers" name="test_submit_rebalance_orders_skips_buys_when_sell_not_filled" time="0.000" /><testcase classname="tests.test_brokers" name="test_submit_rebalance_orders_skips_buys_when_cash_negative" time="0.000" /><testcase classname="tests.test_brokers" name="test_submit_rebalance_orders_skips_buys_when_cash_check_errors" time="0.000" /><testcase classname="tests.test_brokers" name="test_drawdown_check_fails_closed_when_evidence_is_unreadable" time="0.001" /><testcase classname="tests.test_brokers" name="test_abort_repair_attempts_both_core_and_overlay_stops" time="0.000" /><testcase classname="tests.test_brokers" name="test_alpaca_broker_rejects_live_money_endpoint" time="0.000" /><testcase classname="tests.test_brokers" name="test_submit_rebalance_orders_skips_buys_when_cash_cannot_afford_one_share" time="0.000" /><testcase classname="tests.test_brokers" name="test_submit_rebalance_orders_cash_clamps_buy_quantity" time="0.000" /><testcase classname="tests.test_brokers" name="test_submit_rebalance_orders_reserves_cash_buffer" time="0.000" /><testcase classname="tests.test_brokers" name="test_submit_rebalance_orders_uses_lower_buying_power" time="0.000" /><testcase classname="tests.test_brokers" name="test_buy_orders_for_stops_only_include_filled_overlay_buys" time="0.000" /><testcase classname="tests.test_brokers" name="test_tqqq_pre_trade_check_blocks_when_data_missing_fail_closed" time="0.000" /><testcase classname="tests.test_brokers" name="test_submit_rebalance_orders_allows_buys_after_filled_sells_and_cash" time="0.000" /><testcase classname="tests.test_brokers" name="test_reconcile_orders_rechecks_partially_filled_orders" time="0.003" /><testcase classname="tests.test_brokers" name="test_log_submission_marks_error_and_skipped_statuses" time="0.003" /><testcase classname="tests.test_brokers" name="test_paper_health_submitted_orders_excludes_skipped_and_errors" time="0.270" /><testcase classname="tests.test_brokers.TestDuplicatePrevention" name="test_no_log_file" time="0.001" /><testcase classname="tests.test_brokers.TestDuplicatePrevention" name="test_today_entry_blocks" time="0.003" /><testcase classname="tests.test_brokers.TestDuplicatePrevention" name="test_today_skipped_or_error_only_does_not_block" time="0.001" /><testcase classname="tests.test_brokers.TestDuplicatePrevention" name="test_old_entry_allows" time="0.001" /><testcase classname="tests.test_brokers.TestDuplicatePrevention" name="test_empty_log_allows" time="0.000" /><testcase classname="tests.test_brokers.TestDuplicatePrevention" name="test_alpaca_today_bot_order_blocks_without_local_log" time="0.000" /><testcase classname="tests.test_brokers.TestDuplicatePrevention" name="test_alpaca_manual_or_stop_order_does_not_block_without_local_log" time="0.000" /><testcase classname="tests.test_brokers" name="test_cancel_overlay_trailing_stops_for_sells_cancels_only_affected_overlay_stops" time="0.000" /><testcase classname="tests.test_brokers" name="test_repair_overlay_trailing_stops_recreates_for_remaining_position" time="0.000" /><testcase classname="tests.test_brokers" name="test_repair_overlay_trailing_stops_skips_when_normal_sell_is_open" time="0.000" /><testcase classname="tests.test_brokers" name="test_repair_all_overlay_trailing_stops_uses_live_positions" time="0.000" /><testcase classname="tests.test_brokers" name="test_build_experimental_atr_stop_uses_local_true_range" time="0.003" /><testcase classname="tests.test_brokers" name="test_experimental_atr_stop_needs_double_gate" time="0.000" /><testcase classname="tests.test_brokers" name="test_experimental_atr_stop_refuses_real_endpoint" time="0.000" /><testcase classname="tests.test_brokers" name="test_cancel_overlay_stops_treats_fixed_atr_stop_as_protection" time="0.000" /><testcase classname="tests.test_brokers.TestAlpacaBroker" name="test_get_equity" time="0.000"><skipped message="See originating CI run for details" /></testcase><testcase classname="tests.test_brokers.TestAlpacaBroker" name="test_get_cash" time="0.000"><skipped message="See originating CI run for details" /></testcase><testcase classname="tests.test_brokers.TestAlpacaBroker" name="test_get_positions" time="0.000"><skipped message="See originating CI run for details" /></testcase><testcase classname="tests.test_brokers.TestAlpacaBroker" name="test_get_position_map" time="0.000"><skipped message="See originating CI run for details" /></testcase><testcase classname="tests.test_brokers.TestAlpacaBroker" name="test_get_last_price_valid_ticker" time="0.000"><skipped message="See originating CI run for details" /></testcase><testcase classname="tests.test_brokers.TestAlpacaBroker" name="test_get_last_price_invalid_ticker" time="0.000"><skipped message="See originating CI run for details" /></testcase><testcase classname="tests.test_brokers.TestAlpacaBroker" name="test_is_market_open" time="0.000"><skipped message="See originating CI run for details" /></testcase><testcase classname="tests.test_brokers.TestEquitySnapshot" name="test_snapshot_creates_file" time="0.000"><skipped message="See originating CI run for details" /></testcase><testcase classname="tests.test_brokers" name="test_execution_quality_segments_split_market_and_limit_orders" time="0.000" /><testcase classname="tests.test_confidence_calibrator_artifact" name="test_fallback_retrain_removes_stale_calibrator" time="0.000" /><testcase classname="tests.test_config_trade_atomic_outputs" name="test_config_health_uses_atomic_writer" time="0.000" /><testcase classname="tests.test_config_trade_atomic_outputs" name="test_trade_rules_use_atomic_writers" time="0.001" /><testcase classname="tests.test_core_satellite_live_signal" name="test_portable_artifact_path_accepts_windows_separator" time="0.000" /><testcase classname="tests.test_core_satellite_live_signal" name="test_core_alpha_backtest_artifacts_use_atomic_writers" time="0.000" /><testcase classname="tests.test_core_satellite_live_signal" name="test_live_sticky_state_uses_alpaca_status_and_filters_core_tickers" time="0.000" /><testcase classname="tests.test_core_satellite_live_signal" name="test_live_sticky_state_falls_back_to_previous_signal_when_status_unusable" time="0.001" /><testcase classname="tests.test_core_satellite_live_signal" name="test_live_sticky_state_missing_sources_is_empty" time="0.000" /><testcase classname="tests.test_core_satellite_live_signal" name="test_write_paper_signal_retains_and_blends_live_sticky_holding" time="0.008" /><testcase classname="tests.test_core_satellite_live_signal" name="test_nested_live_gate_ignores_full_sample_gate_failure_when_nested_passes" time="0.000" /><testcase classname="tests.test_core_satellite_live_signal" name="test_nested_live_gate_blocks_nested_cost_stress_failure" time="0.000" /><testcase classname="tests.test_core_satellite_live_signal" name="test_nested_live_gate_blocks_feature_health_failure" time="0.000" /><testcase classname="tests.test_core_satellite_live_signal" name="test_nested_live_gate_blocks_stale_factor_data" time="0.000" /><testcase classname="tests.test_core_satellite_live_signal" name="test_factor_freshness_uses_nyse_holiday_calendar" time="0.000" /><testcase classname="tests.test_core_satellite_live_signal" name="test_strict_feature_quality_missing_report_raises" time="0.000" /><testcase classname="tests.test_core_satellite_live_signal" name="test_strict_feature_quality_invalid_report_raises" time="0.000" /><testcase classname="tests.test_core_satellite_live_signal" name="test_strict_feature_quality_all_filtered_raises" time="0.001" /><testcase classname="tests.test_core_satellite_live_signal" name="test_strict_feature_quality_ignores_newer_etf_parquets" time="0.001" /><testcase classname="tests.test_core_satellite_live_signal" name="test_live_feature_validator_requires_xs_rank_features" time="0.000" /><testcase classname="tests.test_core_satellite_live_signal" name="test_live_feature_validator_requires_selected_columns_present" time="0.000" /><testcase classname="tests.test_core_satellite_live_signal" name="test_write_paper_signal_marks_regime_refresh_failure_not_tradeable" time="0.005" /><testcase classname="tests.test_core_satellite_live_signal" name="test_daily_loader_uses_same_conflict_gate_as_audit" time="0.001" /><testcase classname="tests.test_corrected_audit" name="test_initial_etf_purchase_terminal_sale_and_costs" time="0.121" /><testcase classname="tests.test_corrected_audit" name="test_drift_rebalances_unchanged_target" time="0.004" /><testcase classname="tests.test_corrected_audit" name="test_daily_drawdown_survives_recovery" time="0.000" /><testcase classname="tests.test_corrected_audit" name="test_conservation_partial_fills_and_duplicate_rejection" time="0.002" /><testcase classname="tests.test_corrected_audit" name="test_unknown_fee_or_opening_balance_cannot_reconcile" time="0.001" /><testcase classname="tests.test_corrected_audit" name="test_replay_values_old_holdings_before_later_sale" time="0.002" /><testcase classname="tests.test_corrected_audit" name="test_split_and_dividend_cash_without_double_counting" time="0.000" /><testcase classname="tests.test_corrected_audit" name="test_dividend_entitlement_kept_after_sale" time="0.004" /><testcase classname="tests.test_corrected_audit" name="test_stops_gap_entry_day_and_ambiguous_path" time="0.000" /><testcase classname="tests.test_corrected_audit" name="test_halt_does_not_recover_merely_by_becoming_cash" time="0.004" /><testcase classname="tests.test_corrected_audit" name="test_adjusted_execution_data_is_rejected" time="0.000" /><testcase classname="tests.test_corrected_audit" name="test_future_perturbation_cannot_change_feature_artifact_or_scores" time="0.061" /><testcase classname="tests.test_corrected_audit" name="test_cost_calibration_ignores_later_fills_and_removes_components" time="0.004" /><testcase classname="tests.test_corrected_audit" name="test_positive_raw_return_underperforming_benchmark_is_not_healthy" time="0.009" /><testcase classname="tests.test_corrected_audit" name="test_missing_benchmark_rejected_but_raw_labels_work" time="0.000" /><testcase classname="tests.test_corrected_audit" name="test_rule_exit_includes_entry_day_and_gap" time="0.001" /><testcase classname="tests.test_corrected_audit" name="test_paginated_history_covers_more_than_one_page_and_detects_stall" time="0.003" /><testcase classname="tests.test_corrected_audit" name="test_history_failure_and_saturated_timestamp_are_incomplete" time="0.010" /><testcase classname="tests.test_corrected_audit" name="test_arrival_shortfall_does_not_invent_quotes" time="0.002" /><testcase classname="tests.test_corrected_audit" name="test_whole_shares_match_existing_rounding" time="0.000" /><testcase classname="tests.test_corrected_audit" name="test_prospective_period_counts_new_observations_and_restarts" time="0.000" /><testcase classname="tests.test_corrected_audit" name="test_history_includes_both_interval_boundaries" time="0.000" /><testcase classname="tests.test_corrected_audit" name="test_parent_shortfall_deduplicates_children_and_keeps_unfilled_unknown" time="0.002" /><testcase classname="tests.test_corrected_audit" name="test_recovered_paper_fixture_preserves_known_shares_without_invented_cash" time="0.001" /><testcase classname="tests.test_corrected_audit" name="test_split_prices_do_not_create_a_false_momentum_crash" time="0.004" /><testcase classname="tests.test_corrected_audit" name="test_gap_stop_executes_before_buying_more_and_split_moves_stop" time="0.004" /><testcase classname="tests.test_corrected_audit" name="test_nested_selection_artifacts_do_not_read_outer_outcomes" time="0.097" /><testcase classname="tests.test_corrected_audit" name="test_incomplete_ic_cohort_cannot_drop_one_stock" time="0.001" /><testcase classname="tests.test_corrected_audit" name="test_observed_price_revisions_block_but_new_labels_do_not" time="0.004" /><testcase classname="tests.test_corrected_audit" name="test_context_published_after_early_close_is_future_data" time="0.054" /><testcase classname="tests.test_corrected_audit" name="test_corrected_adapter_prices_selected_names_and_costs_benchmark" time="0.054" /><testcase classname="tests.test_corrected_audit" name="test_missing_sources_cannot_clear_validation" time="0.002" /><testcase classname="tests.test_corrected_audit" name="test_symbol_change_connects_real_rows_and_transfers_holdings" time="0.010" /><testcase classname="tests.test_corrected_source_gates" name="test_price_hash_cannot_hide_missing_sessions_or_bad_prices" time="0.006" /><testcase classname="tests.test_corrected_source_gates" name="test_unsupported_or_invalid_action_cannot_reach_ledger[change0]" time="0.001" /><testcase classname="tests.test_corrected_source_gates" name="test_unsupported_or_invalid_action_cannot_reach_ledger[change1]" time="0.001" /><testcase classname="tests.test_corrected_source_gates" name="test_unsupported_or_invalid_action_cannot_reach_ledger[change2]" time="0.001" /><testcase classname="tests.test_corrected_source_gates" name="test_unsupported_or_invalid_action_cannot_reach_ledger[change3]" time="0.001" /><testcase classname="tests.test_corrected_source_gates" name="test_unsupported_or_invalid_action_cannot_reach_ledger[change4]" time="0.001" /><testcase classname="tests.test_corrected_source_gates" name="test_unsupported_or_invalid_action_cannot_reach_ledger[change5]" time="0.001" /><testcase classname="tests.test_corrected_source_gates" name="test_dividend_payment_cannot_precede_entitlement" time="0.002" /><testcase classname="tests.test_corrected_source_gates" name="test_context_cannot_use_placeholder_or_partial_history" time="0.013" /><testcase classname="tests.test_corrected_source_gates" name="test_bad_manifest_still_delivers_individual_gaps" time="0.001" /><testcase classname="tests.test_corrected_source_gates" name="test_reconstruction_and_overlapping_membership_cannot_be_certified" time="0.008" /><testcase classname="tests.test_corrected_source_gates" name="test_valid_contract_passes_but_one_missing_bar_blocks" time="0.022" /><testcase classname="tests.test_corrected_source_gates" name="test_invalid_membership_end_date_is_not_open_ended" time="0.001" /><testcase classname="tests.test_daily_run" name="test_default_steps_include_one_shared_signal_before_alpaca" time="0.000" /><testcase classname="tests.test_daily_run" name="test_daily_refresh_forces_etf_download" time="0.000" /><testcase classname="tests.test_daily_run" name="test_daily_workflow_pins_execution_safety_env" time="0.000" /><testcase classname="tests.test_daily_run" name="test_daily_workflow_never_retries_the_trading_pipeline" time="0.000" /><testcase classname="tests.test_daily_run" name="test_daily_run_reads_canonical_alignment_for_audit_log" time="0.000" /><testcase classname="tests.test_daily_run" name="test_signal_latest_workflows_share_publish_lock" time="0.000" /><testcase classname="tests.test_daily_run" name="test_shadow_workflow_requires_safe_defaults_and_verified_evidence" time="0.000" /><testcase classname="tests.test_daily_run" name="test_shadow_cache_cannot_overwrite_validation_evidence" time="0.000" /><testcase classname="tests.test_daily_run" name="test_alpaca_only_still_generates_shared_signal" time="0.000" /><testcase classname="tests.test_daily_run" name="test_skip_factor_refresh_keeps_etf_refresh_and_signal" time="0.000" /><testcase classname="tests.test_daily_run" name="test_health_only_uses_synced_signal_without_order_submission" time="0.000" /><testcase classname="tests.test_daily_run" name="test_alignment_gate_failure_still_runs_later_health_steps" time="0.000" /><testcase classname="tests.test_daily_run" name="test_factor_data_health_failure_blocks_signal_and_orders" time="0.000" /><testcase classname="tests.test_daily_run" name="test_core_signal_failure_blocks_broker_steps" time="0.000" /><testcase classname="tests.test_daily_run" name="test_refresh_failure_blocks_all_later_steps" time="0.000" /><testcase classname="tests.test_daily_run" name="test_refresh_factor_data_uses_longer_step_timeout" time="0.000" /><testcase classname="tests.test_daily_run" name="test_run_step_timeout_stops_quiet_process" time="1.010" /><testcase classname="tests.test_daily_run" name="test_dry_run_skipped_critical_steps_do_not_block" time="0.001" /><testcase classname="tests.test_daily_run" name="test_startup_stubs_use_signal_dir_and_refresh_existing_fill_file" time="0.003" /><testcase classname="tests.test_daily_run" name="test_sync_latest_github_signals_fetches_branch_and_copies_files" time="0.003" /><testcase classname="tests.test_daily_run" name="test_closed_market_records_skip_without_running_steps[2026-09-07-us_market_holiday]" time="0.124" /><testcase classname="tests.test_daily_run" name="test_closed_market_records_skip_without_running_steps[2026-09-06-weekend]" time="0.001" /><testcase classname="tests.test_daily_run" name="test_workflow_skips_publication_only_for_explicit_closed_market" time="0.010" /><testcase classname="tests.test_daily_run" name="test_closed_market_summary_never_labels_old_account_data_as_current" time="0.034" /><testcase classname="tests.test_daily_run" name="test_regime_observation_depends_on_signal_not_submission[alpaca_submit]" time="0.000" /><testcase classname="tests.test_daily_run" name="test_regime_observation_depends_on_signal_not_submission[core_satellite_signal]" time="0.000" /><testcase classname="tests.test_daily_zero_weight" name="test_zero_weight_fund_does_not_require_pre_inception_prices" time="0.000" /><testcase classname="tests.test_dashboard_data" name="test_execution_report_falls_back_to_alpaca_paper_log" time="0.004" /><testcase classname="tests.test_dashboard_data" name="test_execution_report_prefers_full_slippage_report" time="0.001" /><testcase classname="tests.test_dashboard_data" name="test_execution_evidence_states_are_not_conflated" time="0.000" /><testcase classname="tests.test_dashboard_data" name="test_account_alignment_missing_evidence_is_collecting_not_false_failure" time="0.000" /><testcase classname="tests.test_dashboard_data" name="test_account_summary_uses_equity_csv_when_status_missing" time="0.002" /><testcase classname="tests.test_dashboard_data" name="test_dashboard_trade_gate_state_requires_medium_risk_review" time="0.000" /><testcase classname="tests.test_dashboard_data" name="test_dashboard_trade_gate_state_ready_only_when_all_submit_gates_pass" time="0.000" /><testcase classname="tests.test_dashboard_data" name="test_fractional_shadow_loader_keeps_safety_and_ledger_together" time="0.002" /><testcase classname="tests.test_dashboard_data" name="test_broker_truth_loader_returns_payload_and_issue_table" time="0.002" /><testcase classname="tests.test_dashboard_data" name="test_file_status_tracks_broker_truth" time="0.001" /><testcase classname="tests.test_dashboard_data" name="test_file_status_tracks_etf_data_health" time="0.001" /><testcase classname="tests.test_dashboard_data" name="test_file_status_tracks_factor_data_health" time="0.001" /><testcase classname="tests.test_dashboard_data" name="test_quant_audit_loader_keeps_json_and_candidate_table_together" time="0.001" /><testcase classname="tests.test_dashboard_data" name="test_action_checklist_prioritizes_broker_truth_fail" time="0.001" /><testcase classname="tests.test_dashboard_data" name="test_action_checklist_flags_failed_etf_health" time="0.001" /><testcase classname="tests.test_dashboard_data" name="test_action_checklist_flags_failed_factor_data_health" time="0.001" /><testcase classname="tests.test_dashboard_data" name="test_action_checklist_empty_when_core_system_clear" time="0.001" /><testcase classname="tests.test_disaster_recovery" name="test_recovery_verifies_and_restores_without_trading" time="0.001" /><testcase classname="tests.test_disaster_recovery" name="test_recovery_refuses_checksum_mismatch" time="0.001" /><testcase classname="tests.test_documentation_coverage" name="test_every_scoped_root_script_has_a_documentation_file" time="0.001" /><testcase classname="tests.test_documentation_coverage" name="test_project_wide_workflow_guide_exists" time="0.000" /><testcase classname="tests.test_drift_monitor" name="test_same_distribution_stays_ok_and_shifted_distribution_drifts" time="0.002" /><testcase classname="tests.test_drift_monitor" name="test_baseline_skips_constant_and_too_sparse_columns" time="0.001" /><testcase classname="tests.test_drift_monitor" name="test_metadata_snapshot_honors_isolated_output_directory" time="0.002" /><testcase classname="tests.test_drift_monitor" name="test_metadata_snapshot_excludes_rows_after_training_cutoff" time="0.002" /><testcase classname="tests.test_edge_ablation" name="test_variants_preserve_baseline_and_single_component_changes" time="0.001" /><testcase classname="tests.test_edge_ablation" name="test_disabled_ablation_matches_existing_fit_and_future_changes_do_not_leak" time="0.943" /><testcase classname="tests.test_edge_ablation" name="test_momentum_baseline_does_not_learn_negative_direction" time="0.009" /><testcase classname="tests.test_edge_ablation" name="test_overlay_removal_keeps_scaled_core_and_cash" time="0.002" /><testcase classname="tests.test_edge_ablation" name="test_paired_uncertainty_requires_matched_sufficient_history" time="0.007" /><testcase classname="tests.test_edge_ablation" name="test_blocked_run_records_all_seven_attempts_without_evaluation" time="0.150" /><testcase classname="tests.test_edge_ablation" name="test_end_to_end_seven_variants_use_real_daily_ledger" time="3.144" /><testcase classname="tests.test_evidence_audit" name="test_approval_conflicts_never_become_a_pass" time="0.000" /><testcase classname="tests.test_evidence_audit" name="test_deployment_exposure_and_bundle_identity_are_checked" time="0.000" /><testcase classname="tests.test_evidence_audit" name="test_manifest_is_recomputed_and_raw_balances_not_exposed" time="0.000" /><testcase classname="tests.test_evidence_audit" name="test_stale_and_partial_snapshots_are_explicit" time="0.000" /><testcase classname="tests.test_evidence_audit" name="test_missing_context_does_not_allow_a_complete_source_report" time="0.000" /><testcase classname="tests.test_evidence_audit" name="test_evidence_mode_rejects_mutating_modes" time="0.001" /><testcase classname="tests.test_evidence_audit" name="test_imported_archive_requires_digest_and_avoids_extraction" time="0.001" /><testcase classname="tests.test_evidence_publication" name="test_publisher_preserves_remote_history_and_other_jobs[daily_paper_trading.yml-Commit signals to repo-alpaca_paper_log.csv-False]" time="0.478" /><testcase classname="tests.test_evidence_publication" name="test_publisher_preserves_remote_history_and_other_jobs[shadow_paper_journal.yml-Commit shadow journal to repo-shadow_paper_journal.csv-False]" time="0.406" /><testcase classname="tests.test_evidence_publication" name="test_publisher_preserves_remote_history_and_other_jobs[shadow_paper_journal.yml-Commit shadow journal to repo-strategy_evidence_report.json-False]" time="0.404" /><testcase classname="tests.test_evidence_publication" name="test_publisher_preserves_remote_history_and_other_jobs[post_market_execution_quality.yml-Publish refreshed evidence-alpaca_execution_scorecard.json-False]" time="0.414" /><testcase classname="tests.test_evidence_publication" name="test_publisher_preserves_remote_history_and_other_jobs[post_market_execution_quality.yml-Publish refreshed evidence-alpaca_execution_scorecard.json-True]" time="0.429" /><testcase classname="tests.test_execution_continuity" name="test_recovered_september_orders_reconcile_to_scorecard" time="0.034" /><testcase classname="tests.test_execution_continuity" name="test_child_snapshots_cannot_turn_partial_parent_into_complete" time="0.002" /><testcase classname="tests.test_execution_continuity" name="test_many_good_fills_cannot_replace_missing_order_journal" time="0.018" /><testcase classname="tests.test_execution_continuity" name="test_manifest_requires_order_evidence_even_when_reports_exist" time="0.018" /><testcase classname="tests.test_execution_continuity" name="test_partly_restored_journal_exposes_unmatched_broker_fill" time="0.028" /><testcase classname="tests.test_execution_guard" name="test_repair_preserves_matching_core_stop" time="0.000" /><testcase classname="tests.test_execution_guard" name="test_repair_replaces_wrong_sized_core_stop" time="0.000" /><testcase classname="tests.test_execution_guard" name="test_stale_guard_skips_trailing_stops_and_cancels_old_normal_order" time="0.001" /><testcase classname="tests.test_execution_guard" name="test_stale_guard_replaces_stale_sell_after_cancel" time="0.000" /><testcase classname="tests.test_execution_guard" name="test_repair_does_not_submit_replacement_when_cancel_fails" time="0.000" /><testcase classname="tests.test_execution_guard" name="test_repair_skips_invalid_trailing_stop_config" time="0.000" /><testcase classname="tests.test_execution_guard" name="test_pnl_halt_closed_market_alerts_without_liquidating" time="0.000" /><testcase classname="tests.test_execution_guard" name="test_pnl_guard_skips_invalid_current_equity" time="0.000" /><testcase classname="tests.test_execution_guard" name="test_guard_cycle_refreshes_broker_truth_after_checks" time="0.000" /><testcase classname="tests.test_execution_guard" name="test_broker_truth_refresh_fail_alert_is_deduped" time="0.000" /><testcase classname="tests.test_execution_scorecard" name="test_build_execution_scorecard_scores_fill_quality_and_throttle" time="0.023" /><testcase classname="tests.test_execution_scorecard" name="test_build_execution_scorecard_fails_bad_execution" time="0.021" /><testcase classname="tests.test_execution_scorecard" name="test_bad_slippage_rate_uses_material_threshold_when_order_rows_exist" time="0.020" /><testcase classname="tests.test_execution_scorecard" name="test_each_execution_metric_uses_its_own_measured_denominator" time="0.056" /><testcase classname="tests.test_execution_scorecard" name="test_fresh_unmeasured_fills_make_scorecard_ineligible" time="0.015" /><testcase classname="tests.test_execution_scorecard" name="test_write_execution_scorecard_writes_latest_and_dated_snapshot" time="0.001" /><testcase classname="tests.test_execution_scorecard" name="test_daily_workflow_publishes_execution_scorecard" time="0.000" /><testcase classname="tests.test_execution_scorecard" name="test_post_market_workflow_is_delayed_read_only_and_serialized" time="0.000" /><testcase classname="tests.test_execution_scorecard" name="test_scorecard_filters_old_fills_and_separates_protective_stops" time="0.018" /><testcase classname="tests.test_execution_scorecard" name="test_scorecard_uses_metric_specific_denominators_and_sample_gate" time="0.017" /><testcase classname="tests.test_execution_scorecard" name="test_stage_comparison_uses_only_api_child_fills_not_blended_log_rows" time="0.025" /><testcase classname="tests.test_factor_cache_recovery" name="test_recovery_downloads_only_when_price_or_quality_inputs_need_it[True-True]" time="0.080" /><testcase classname="tests.test_factor_cache_recovery" name="test_recovery_downloads_only_when_price_or_quality_inputs_need_it[False-True]" time="0.071" /><testcase classname="tests.test_factor_cache_recovery" name="test_recovery_downloads_only_when_price_or_quality_inputs_need_it[True-False]" time="0.071" /><testcase classname="tests.test_factor_data_health" name="test_trading_day_age_uses_nyse_holiday_calendar" time="0.107" /><testcase classname="tests.test_factor_data_health" name="test_trading_day_age_does_not_count_unfinished_new_york_session" time="0.000" /><testcase classname="tests.test_factor_data_health" name="test_factor_data_health_does_not_warn_on_nyse_holiday_gap" time="0.003" /><testcase classname="tests.test_factor_data_health" name="test_factor_data_health_trade_ready_with_fresh_required_data" time="0.005" /><testcase classname="tests.test_factor_data_health" name="test_factor_data_health_blocks_missing_and_stale_required_tickers" time="0.003" /><testcase classname="tests.test_factor_data_health" name="test_factor_data_health_blocks_required_column_gaps" time="0.002" /><testcase classname="tests.test_factor_data_health" name="test_factor_data_health_blocks_missing_provenance_manifest" time="0.002" /><testcase classname="tests.test_factor_data_health" name="test_feature_quality_stale_vs_required_factor_data_but_ignores_etf" time="0.004" /><testcase classname="tests.test_factor_data_health" name="test_factor_data_health_blocks_missing_feature_health_profile" time="0.002" /><testcase classname="tests.test_factor_data_health" name="test_factor_data_health_blocks_failed_feature_health_gate" time="0.002" /><testcase classname="tests.test_factor_data_health" name="test_bound_profile_survives_checkout_mtime_but_rejects_changed_source" time="0.001" /><testcase classname="tests.test_feature_health" name="test_canonical_roots_collapse_rank_and_benchmark_return_variants" time="0.000" /><testcase classname="tests.test_feature_health" name="test_feature_health_clusters_and_quarantines_decaying_features" time="0.002" /><testcase classname="tests.test_feature_health" name="test_feature_health_profile_uses_live_diversification_gate_constants" time="0.001" /><testcase classname="tests.test_feature_health" name="test_structurally_dead_fundamental_features_never_contribute" time="0.001" /><testcase classname="tests.test_feature_health" name="test_feature_health_outputs_use_atomic_writers" time="0.001" /><testcase classname="tests.test_feature_health" name="test_profile_rejects_source_changed_during_calculation" time="0.001" /><testcase classname="tests.test_feature_health" name="test_cli_no_write_disables_loader_side_effects" time="0.001" /><testcase classname="tests.test_feature_quality_diagnostic" name="test_feature_quality_outputs_use_atomic_writers" time="0.000" /><testcase classname="tests.test_fractional_shadow_paper" name="test_four_expensive_assets_fit_a_400_fractional_account" time="0.008" /><testcase classname="tests.test_fractional_shadow_paper" name="test_same_signal_is_idempotent_and_does_not_duplicate_orders" time="0.013" /><testcase classname="tests.test_fractional_shadow_paper" name="test_sell_rebalance_models_slippage_and_rounded_regulatory_fees" time="0.019" /><testcase classname="tests.test_fractional_shadow_paper" name="test_price_reader_never_uses_a_future_close" time="0.002" /><testcase classname="tests.test_fractional_shadow_paper" name="test_missing_state_with_existing_equity_fails_closed" time="0.001" /><testcase classname="tests.test_fractional_shadow_paper" name="test_existing_account_cannot_be_silently_reset_to_new_capital" time="0.000" /><testcase classname="tests.test_fractional_shadow_paper" name="test_script_contains_no_broker_submission_path" time="0.000" /><testcase classname="tests.test_fractional_shadow_paper" name="test_shadow_workflow_runs_fractional_mode_under_shared_lock" time="0.000" /><testcase classname="tests.test_fractional_shadow_paper" name="test_daily_workflow_preserves_fractional_state_on_signals_branch" time="0.000" /><testcase classname="tests.test_gap_closure" name="test_original_findings_survive_disappearance" time="0.000" /><testcase classname="tests.test_gap_closure" name="test_paginate_and_reject_repeated_ids" time="0.000" /><testcase classname="tests.test_gap_closure" name="test_execution_manifest_does_not_borrow_daily_identity" time="0.000" /><testcase classname="tests.test_gap_closure" name="test_malformed_manifest_remains_deliverable" time="0.000" /><testcase classname="tests.test_gap_closure" name="test_remaining_basis_uses_fractional_current_holdings_not_last_buy" time="0.000" /><testcase classname="tests.test_gap_closure" name="test_no_basis_does_not_fall_back_to_incomplete_journal" time="0.000" /><testcase classname="tests.test_gap_closure" name="test_stage_denominator_includes_zero_and_partial_fills" time="0.001" /><testcase classname="tests.test_gap_closure" name="test_lock_diff_does_not_change_frozen_bytes" time="0.001" /><testcase classname="tests.test_gap_closure" name="test_dividend_date_matches_identity_and_exact_amount" time="0.001" /><testcase classname="tests.test_gap_closure" name="test_verified_settlement_retains_parent_and_distributes_child_once" time="0.000" /><testcase classname="tests.test_gap_closure" name="test_invalid_settlement_is_atomic" time="0.000" /><testcase classname="tests.test_gap_closure" name="test_cash_movements_preserve_signed_broker_amounts" time="0.000" /><testcase classname="tests.test_gap_closure" name="test_prospective_review_requires_both_sessions_and_independent_cohorts" time="0.069" /><testcase classname="tests.test_gap_closure" name="test_closure_requires_current_code_and_passing_named_case" time="0.001" /><testcase classname="tests.test_gap_closure" name="test_register_ids_survive_reworded_next_action" time="0.000" /><testcase classname="tests.test_gap_closure" name="test_code_closure_cannot_overwrite_original_finding" time="0.001" /><testcase classname="tests.test_intraday_features" name="test_volume_splits_are_correct_in_winter_est" time="0.001" /><testcase classname="tests.test_intraday_features" name="test_volume_splits_are_correct_in_summer_edt" time="0.001" /><testcase classname="tests.test_intraday_features" name="test_noon_volume_is_not_counted_as_morning" time="0.001" /><testcase classname="tests.test_intraday_features" name="test_extended_hours_are_excluded_from_volume_denominator" time="0.001" /><testcase classname="tests.test_intraday_features" name="test_tz_naive_bars_are_interpreted_as_utc" time="0.001" /><testcase classname="tests.test_intraday_features" name="test_fetch_groups_bars_by_new_york_market_date" time="0.002" /><testcase classname="tests.test_market_concentration_leakage" name="test_future_etf_prices_cannot_change_past_concentration_features" time="0.004" /><testcase classname="tests.test_medium_gap_fixes" name="test_panel_day_cache_rebuilds_when_dataframe_id_entry_is_stale" time="0.030" /><testcase classname="tests.test_medium_gap_fixes" name="test_factor_decay_classifies_negative_rank_ic_positive_edge_as_advisory" time="0.000" /><testcase classname="tests.test_medium_gap_fixes" name="test_factor_decay_legacy_top_bucket_remains_advisory" time="0.000" /><testcase classname="tests.test_medium_gap_fixes" name="test_factor_decay_thin_nonpositive_top_bucket_is_advisory" time="0.000" /><testcase classname="tests.test_medium_gap_fixes" name="test_factor_decay_legacy_raw_return_cannot_be_alpha_block" time="0.000" /><testcase classname="tests.test_medium_gap_fixes" name="test_factor_decay_thin_sample_negative_overlay_does_not_block" time="0.000" /><testcase classname="tests.test_medium_gap_fixes" name="test_factor_decay_small_negative_overlay_with_sample_does_not_block" time="0.000" /><testcase classname="tests.test_medium_gap_fixes" name="test_factor_decay_uses_non_overlapping_rebalance_cohorts" time="0.006" /><testcase classname="tests.test_medium_gap_fixes" name="test_factor_decay_exposes_inverted_score_direction" time="0.006" /><testcase classname="tests.test_medium_gap_fixes" name="test_medium_risk_review_blocks_material_survivorship_failure" time="0.000" /><testcase classname="tests.test_medium_gap_fixes" name="test_paper_survivorship_review_allows_bounded_failed_name_selections" time="0.000" /><testcase classname="tests.test_medium_gap_fixes" name="test_paper_survivorship_review_blocks_excessive_failed_name_selections" time="0.000" /><testcase classname="tests.test_medium_gap_fixes" name="test_partial_survivorship_evidence_can_never_clear_capital_gate" time="0.000" /><testcase classname="tests.test_medium_gap_fixes" name="test_complete_survivorship_coverage_still_needs_strict_capital_performance" time="0.000" /><testcase classname="tests.test_medium_gap_fixes" name="test_medium_risk_review_blocks_execution_drawdown_failure" time="0.000" /><testcase classname="tests.test_medium_gap_fixes" name="test_apply_medium_risk_review_removes_approved_live_config_when_failed" time="0.000" /><testcase classname="tests.test_medium_gap_fixes" name="test_live_gate_requires_medium_risk_review_pass" time="0.000" /><testcase classname="tests.test_medium_risk_atomic_outputs" name="test_medium_risk_scripts_use_atomic_output_writers" time="0.005" /><testcase classname="tests.test_membership_reconciliation" name="test_boundary_match_does_not_verify_whole_interval" time="0.034" /><testcase classname="tests.test_membership_reconciliation" name="test_future_snapshot_cannot_supply_earlier_boundary" time="0.042" /><testcase classname="tests.test_membership_reconciliation" name="test_conflicting_or_unreviewed_facts_rejected" time="0.001" /><testcase classname="tests.test_membership_reconciliation" name="test_curated_primary_facts_have_unique_reviewed_claims" time="0.001" /><testcase classname="tests.test_membership_reconciliation" name="test_transition_review_separates_issuer_and_membership_dates" time="0.043" /><testcase classname="tests.test_membership_reconciliation" name="test_transition_review_does_not_infer_events_outside_window" time="0.036" /><testcase classname="tests.test_membership_reconciliation" name="test_invalid_transition_evidence_rejected[review]" time="0.001" /><testcase classname="tests.test_membership_reconciliation" name="test_invalid_transition_evidence_rejected[source]" time="0.001" /><testcase classname="tests.test_membership_reconciliation" name="test_invalid_transition_evidence_rejected[duplicate]" time="0.001" /><testcase classname="tests.test_membership_reconciliation" name="test_invalid_transition_evidence_rejected[date]" time="0.001" /><testcase classname="tests.test_membership_reconciliation" name="test_invalid_transition_evidence_rejected[kind]" time="0.001" /><testcase classname="tests.test_membership_reconciliation" name="test_absence_outside_candidate_coverage_is_not_a_match" time="0.034" /><testcase classname="tests.test_model_registry" name="test_register_records_git_data_metrics_and_artifact_checksum" time="0.001" /><testcase classname="tests.test_model_registry" name="test_verify_detects_changed_artifact" time="0.001" /><testcase classname="tests.test_model_registry" name="test_verify_detects_source_change" time="0.001" /><testcase classname="tests.test_model_registry" name="test_register_refuses_missing_artifact" time="0.000" /><testcase classname="tests.test_monitor" name="test_send_alert_dedup_is_process_safe" time="0.525" /><testcase classname="tests.test_monitor" name="test_check_drift_handles_empty_features" time="0.003" /><testcase classname="tests.test_monitor" name="test_check_drift_handles_none_features" time="0.002" /><testcase classname="tests.test_monitor" name="test_check_drift_uses_highest_psi_feature" time="0.002" /><testcase classname="tests.test_monitor_outputs" name="test_fill_monitor_writes_fresh_output_when_no_trade_file" time="0.001" /><testcase classname="tests.test_monitor_outputs" name="test_fill_monitor_accepts_current_alpaca_log_schema" time="0.003" /><testcase classname="tests.test_monitor_outputs" name="test_monitor_heartbeat_finds_daily_run_fill_stub" time="0.016" /><testcase classname="tests.test_monitor_outputs" name="test_monitor_heartbeat_can_use_local_health_run_stub" time="0.017" /><testcase classname="tests.test_monitor_outputs" name="test_monitor_heartbeat_tracks_execution_scorecard" time="0.000" /><testcase classname="tests.test_monitor_outputs" name="test_monitor_heartbeat_tracks_broker_truth" time="0.000" /><testcase classname="tests.test_nested_walkforward_defaults" name="test_nested_walkforward_hard_default_min_train_years_is_three" time="0.000" /><testcase classname="tests.test_nested_walkforward_defaults" name="test_build_fold_splits_default_allows_three_training_years" time="0.007" /><testcase classname="tests.test_notifications" name="test_warning_alert_has_no_email_channel" time="0.000" /><testcase classname="tests.test_notifications" name="test_linux_warning_uses_telegram_without_desktop" time="0.000" /><testcase classname="tests.test_notifications" name="test_script_telegram_suppression_skips_message" time="0.000" /><testcase classname="tests.test_notifications" name="test_script_telegram_suppression_skips_signal_summary" time="0.001" /><testcase classname="tests.test_paper_health" name="test_canonical_readiness_collects_formal_epoch_without_changing_strategy" time="0.001" /><testcase classname="tests.test_paper_health" name="test_canonical_readiness_fails_closed_on_missing_alignment_evidence" time="0.000" /><testcase classname="tests.test_paper_health" name="test_readiness_flags_require_medium_risk_review" time="0.000" /><testcase classname="tests.test_paper_health" name="test_account_alignment_is_tri_state_and_uses_broker_truth" time="0.000" /><testcase classname="tests.test_paper_health" name="test_account_alignment_rejects_broker_report_for_older_signal" time="0.001" /><testcase classname="tests.test_paper_health" name="test_account_alignment_prefers_canonical_broker_verdict" time="0.000" /><testcase classname="tests.test_paper_health" name="test_readiness_exposes_collecting_account_alignment" time="0.000" /><testcase classname="tests.test_paper_health" name="test_build_health_reads_submit_gates_from_signal_csv" time="0.348" /><testcase classname="tests.test_paper_health" name="test_signal_freshness_status_flags_stale_signal" time="0.001" /><testcase classname="tests.test_paper_health" name="test_slippage_summary_prefers_alpaca_api_report" time="0.001" /><testcase classname="tests.test_paper_scorecard" name="test_write_paper_scorecard_uses_atomic_writer" time="0.000" /><testcase classname="tests.test_paper_shadow_compare" name="test_build_comparison_uses_common_start_and_latest_values" time="0.005" /><testcase classname="tests.test_paper_shadow_compare" name="test_write_comparison_outputs_json_and_csv" time="0.005" /><testcase classname="tests.test_paper_shadow_compare" name="test_non_overlapping_first_observations_are_collecting" time="0.003" /><testcase classname="tests.test_paper_shadow_compare" name="test_fractional_valuation_date_is_accepted_as_first_observation" time="0.004" /><testcase classname="tests.test_paper_validation_epoch" name="test_shadow_evidence_scripts_are_part_of_paper_version_lock" time="0.000" /><testcase classname="tests.test_paper_validation_epoch" name="test_version_lock_hash_ignores_cross_platform_line_endings" time="0.001" /><testcase classname="tests.test_paper_validation_epoch" name="test_invalidated_epoch_can_never_become_review_eligible" time="0.001" /><testcase classname="tests.test_paper_validation_epoch" name="test_freeze_preserves_existing_epoch_start_and_detects_logic_change" time="0.015" /><testcase classname="tests.test_paper_validation_epoch" name="test_same_day_equity_snapshot_after_epoch_start_counts_as_trading_day" time="0.023" /><testcase classname="tests.test_paper_validation_epoch" name="test_legacy_equity_file_without_timestamp_still_uses_date" time="0.018" /><testcase classname="tests.test_paper_validation_epoch" name="test_epoch_slippage_uses_only_post_start_rebalances" time="0.017" /><testcase classname="tests.test_paper_validation_epoch" name="test_epoch_requires_canonical_ticker_and_gross_alignment" time="0.014" /><testcase classname="tests.test_paper_validation_epoch" name="test_epoch_reviews_both_execution_stages_after_twenty_measured_fills" time="0.034" /><testcase classname="tests.test_pipeline_shared_price_cache" name="test_fetch_price_data_prefers_local_parquet_when_providers_fail" time="0.004" /><testcase classname="tests.test_pipeline_shared_price_cache" name="test_fetch_price_data_refreshes_when_cache_missing_expected_bar" time="0.003" /><testcase classname="tests.test_publish_live_config_from_csv" name="test_publish_payloads_use_atomic_writer" time="0.000" /><testcase classname="tests.test_quant_performance_audit" name="test_daily_drawdown_hidden_between_rebalances_is_visible" time="0.004" /><testcase classname="tests.test_quant_performance_audit" name="test_signal_day_prices_cannot_change_next_open_audit_return" time="0.004" /><testcase classname="tests.test_quant_performance_audit" name="test_one_day_delay_waits_one_additional_market_session" time="0.004" /><testcase classname="tests.test_quant_performance_audit" name="test_full_turnover_and_cost_include_initial_core_and_overlay_targets" time="0.003" /><testcase classname="tests.test_quant_performance_audit" name="test_fold_boundary_carries_prior_target_for_turnover" time="0.003" /><testcase classname="tests.test_quant_performance_audit" name="test_stitch_rejects_overlapping_outer_fold_days" time="0.000" /><testcase classname="tests.test_quant_performance_audit" name="test_irregular_intervals_use_elapsed_calendar_time_for_cagr" time="0.001" /><testcase classname="tests.test_quant_performance_audit" name="test_candidate_gate_requires_every_predeclared_guardrail" time="0.000" /><testcase classname="tests.test_quant_performance_audit" name="test_shadow_variants_change_one_dimension_and_keep_tqqq_off" time="0.000" /><testcase classname="tests.test_refresh_etf_data" name="test_completed_day_skips_nyse_holiday_after_close" time="0.000" /><testcase classname="tests.test_refresh_etf_data" name="test_etf_age_uses_nyse_holiday_calendar" time="0.001" /><testcase classname="tests.test_refresh_etf_data" name="test_etf_validation_blocks_missing_ohlcv_columns" time="0.001" /><testcase classname="tests.test_refresh_etf_data" name="test_etf_refresh_force_replaces_healthy_local_data" time="0.009" /><testcase classname="tests.test_refresh_etf_data" name="test_etf_data_health_report_uses_atomic_writer" time="0.000" /><testcase classname="tests.test_refresh_etf_data" name="test_etf_refresh_strict_exits_nonzero_when_report_fails" time="0.001" /><testcase classname="tests.test_reliability_hardening" name="test_validation_file_hash_ignores_cross_platform_line_endings" time="0.000" /><testcase classname="tests.test_reliability_hardening" name="test_walkforward_rejects_negative_selector_correlation_and_hidden_fallbacks" time="0.000" /><testcase classname="tests.test_reliability_hardening" name="test_fixed_frozen_baseline_skips_only_selector_specific_gates" time="0.000" /><testcase classname="tests.test_reliability_hardening" name="test_validation_bundle_detects_stale_report_fingerprint" time="0.028" /><testcase classname="tests.test_reliability_hardening" name="test_validation_bundle_rebuild_restores_only_matching_approved_folds" time="0.017" /><testcase classname="tests.test_reliability_hardening" name="test_validation_bundle_rebuild_refuses_different_live_config" time="0.001" /><testcase classname="tests.test_reliability_hardening" name="test_robustness_reports_preserve_full_live_config_identity" time="0.001" /><testcase classname="tests.test_reliability_hardening" name="test_provider_overlap_accepts_adjusted_match_and_rejects_price_scale_change" time="0.002" /><testcase classname="tests.test_reliability_hardening" name="test_provider_overlap_allows_small_dividend_adjustment_gap" time="0.001" /><testcase classname="tests.test_reliability_hardening" name="test_submit_outcome_is_fail_closed_and_journaled_once" time="0.003" /><testcase classname="tests.test_reliability_hardening" name="test_every_planned_order_receives_a_final_execution_state" time="0.002" /><testcase classname="tests.test_research_output_guard" name="test_research_output_guard_passes_clean_json_and_csv" time="0.001" /><testcase classname="tests.test_research_output_guard" name="test_research_output_guard_fails_conflict_markers" time="0.001" /><testcase classname="tests.test_research_output_guard" name="test_research_output_guard_rejects_nonstandard_json_constants" time="0.000" /><testcase classname="tests.test_research_output_guard" name="test_research_manifest_records_output_and_data_checksums" time="0.073" /><testcase classname="tests.test_research_postpass" name="test_validate_xs_rank_summary_rejects_write_errors" time="0.001" /><testcase classname="tests.test_research_postpass" name="test_validate_xs_rank_summary_rejects_zero_updates" time="0.000" /><testcase classname="tests.test_research_postpass" name="test_validate_xs_rank_summary_rejects_empty_new_columns" time="0.000" /><testcase classname="tests.test_research_postpass" name="test_research_xs_only_exits_nonzero_on_bad_summary" time="0.001" /><testcase classname="tests.test_research_postpass" name="test_incremental_skips_closed_market_when_latest_session_present" time="0.004" /><testcase classname="tests.test_research_postpass" name="test_incremental_repairs_stale_manifest_for_current_parquet" time="0.003" /><testcase classname="tests.test_research_postpass" name="test_closed_market_noop_detects_all_tickers_current" time="0.003" /><testcase classname="tests.test_research_postpass" name="test_closed_market_noop_allows_refresh_when_ticker_stale" time="0.003" /><testcase classname="tests.test_research_postpass" name="test_incremental_preserves_xs_rank_postpass_columns_without_full_rebuild" time="0.004" /><testcase classname="tests.test_research_postpass" name="test_incremental_tail_fills_new_columns_without_full_rebuild" time="0.004" /><testcase classname="tests.test_research_postpass" name="test_incremental_backfill_new_columns_requests_full_rebuild" time="0.002" /><testcase classname="tests.test_run_evidence" name="test_run_context_is_shared_and_never_exposes_account_id" time="0.014" /><testcase classname="tests.test_run_evidence" name="test_saved_safe_account_hash_is_reused_without_raw_account_id" time="0.001" /><testcase classname="tests.test_run_evidence" name="test_manifest_rejects_mixed_run_evidence" time="0.017" /><testcase classname="tests.test_run_evidence" name="test_rebalance_state_is_idempotent_and_terminal" time="0.001" /><testcase classname="tests.test_safe_io" name="test_atomic_write_text_preserves_stale_neighbor_tmp" time="0.001" /><testcase classname="tests.test_safe_io" name="test_atomic_write_csv_preserves_stale_neighbor_tmp" time="0.001" /><testcase classname="tests.test_safe_io" name="test_atomic_write_parquet_preserves_stale_neighbor_tmp" time="0.002" /><testcase classname="tests.test_sanity" name="test_forward_return_is_leak_free" time="0.001" /><testcase classname="tests.test_sanity" name="test_vol_normalized_scales_with_vol" time="0.001" /><testcase classname="tests.test_sanity" name="test_triple_barrier_outputs_in_set" time="0.001" /><testcase classname="tests.test_sanity" name="test_risk_sizing_nonnegative" time="0.000" /><testcase classname="tests.test_sanity" name="test_execution_costs_sane" time="0.000" /><testcase classname="tests.test_sanity" name="test_portfolio_correlation_blocks_recent_spike_not_diluted_by_60d" time="0.003" /><testcase classname="tests.test_sanity" name="test_portfolio_correlation_checks_existing_open_tickers" time="0.002" /><testcase classname="tests.test_sanity" name="test_portfolio_sector_cap_counts_existing_positions" time="0.001" /><testcase classname="tests.test_sanity" name="test_portfolio_correlation_insufficient_data_does_not_block" time="0.001" /><testcase classname="tests.test_sanity" name="test_portfolio_correlation_vix_stress_floor_blocks_pairs" time="0.002" /><testcase classname="tests.test_sanity" name="test_portfolio_risk_skips_invalid_trade_weight_and_signal" time="0.000" /><testcase classname="tests.test_sanity" name="test_validation_rejects_bad" time="0.001" /><testcase classname="tests.test_sanity" name="test_price_validation_uses_latest_completed_nyse_session" time="0.002" /><testcase classname="tests.test_sanity" name="test_core_satellite_paper_scaling_caps_gross" time="0.000" /><testcase classname="tests.test_sanity" name="test_robustness_score_is_sharpe_minus_penalties" time="0.000" /><testcase classname="tests.test_sanity" name="test_robustness_score_alpha_vs_qqq_objective" time="0.000" /><testcase classname="tests.test_sanity" name="test_robustness_score_hybrid_objective" time="0.000" /><testcase classname="tests.test_sanity" name="test_adaptive_factor_weights_use_forward_return_and_floor" time="0.059" /><testcase classname="tests.test_sanity" name="test_adaptive_factor_weight_loader_validates_schema_and_staleness" time="0.001" /><testcase classname="tests.test_sanity" name="test_cost_stress_approval_passes_complete_positive_group" time="0.004" /><testcase classname="tests.test_sanity" name="test_cost_stress_approval_fails_missing_level" time="0.003" /><testcase classname="tests.test_sanity" name="test_cost_stress_approval_fails_negative_alpha" time="0.003" /><testcase classname="tests.test_sanity" name="test_cost_stress_approval_fails_hard_gate" time="0.003" /><testcase classname="tests.test_sanity" name="test_nested_live_signal_config_omits_cost_stress" time="0.000" /><testcase classname="tests.test_sanity" name="test_top15_and_sticky_vol_score_weights_are_supported" time="0.001" /><testcase classname="tests.test_sanity" name="test_nested_write_outputs_only_publishes_live_config_when_requested" time="0.017" /><testcase classname="tests.test_sanity" name="test_nested_write_outputs_uses_atomic_writers" time="0.016" /><testcase classname="tests.test_sanity" name="test_nested_write_outputs_keeps_research_results_unique" time="0.002" /><testcase classname="tests.test_sanity" name="test_nested_publish_decision_defaults_to_publish_only_for_full_runs" time="0.000" /><testcase classname="tests.test_sanity" name="test_feature_quality_accepts_alpha_factor_return_columns" time="0.010" /><testcase classname="tests.test_sanity" name="test_core_satellite_allocation_accepts_regime_override_with_tqqq" time="0.000" /><testcase classname="tests.test_sanity" name="test_earnings_blackout_records_skipped_overlay_candidates" time="0.001" /><testcase classname="tests.test_sanity" name="test_earnings_blackout_notification_helper_only_fires_when_needed" time="0.000" /><testcase classname="tests.test_sanity" name="test_nested_regime_variant_tunes_overlay_without_mutating_base" time="0.000" /><testcase classname="tests.test_sanity" name="test_nested_deployment_scaling_matches_paper_portfolio_after_sticky_weights" time="0.000" /><testcase classname="tests.test_sanity" name="test_early_rebalance_uses_actual_prices_instead_of_linear_return_scaling" time="0.001" /><testcase classname="tests.test_sanity" name="test_yearly_alpha_compounds_strategy_and_benchmark_before_subtracting" time="0.001" /><testcase classname="tests.test_sanity" name="test_nested_fold_splits_keep_outer_year_unseen" time="0.001" /><testcase classname="tests.test_sanity" name="test_nested_candidate_grid_includes_requested_tuning_dimensions" time="0.002" /><testcase classname="tests.test_sanity" name="test_nested_stable_grid_pins_consensus_dimensions" time="0.000" /><testcase classname="tests.test_sanity" name="test_concentration_overlay_target_scales_with_qqq_spy_gap" time="0.000" /><testcase classname="tests.test_sanity" name="test_nested_recent_alpha_grid_focuses_new_regime_dimensions" time="0.001" /><testcase classname="tests.test_sanity" name="test_nested_low_turnover_grid_keeps_top3_and_adds_top10" time="0.001" /><testcase classname="tests.test_sanity" name="test_nested_adaptive_sizing_grid_compares_fixed_and_defensive_sizing" time="0.000" /><testcase classname="tests.test_sanity" name="test_riskoff_score_guard_keeps_risk_on_route_unchanged" time="0.000" /><testcase classname="tests.test_sanity" name="test_trailing_score_guard_waits_for_shifted_history_before_fallback" time="0.004" /><testcase classname="tests.test_sanity" name="test_selector_diagnostic_rebuilds_exact_config_signature" time="0.000" /><testcase classname="tests.test_sanity" name="test_selector_diagnostic_rebuilds_concentration_overlay_signature" time="0.000" /><testcase classname="tests.test_sanity" name="test_selector_diagnostic_fixed_summary_compounds_outer_rows" time="0.000" /><testcase classname="tests.test_sanity" name="test_selector_replay_grid_can_include_riskoff_guard_route" time="0.001" /><testcase classname="tests.test_sanity" name="test_selector_replay_grid_cap_keeps_guard_pair_visible" time="0.001" /><testcase classname="tests.test_sanity" name="test_selector_replay_rows_include_config_knobs_and_rejections" time="0.032" /><testcase classname="tests.test_sanity" name="test_selector_replay_fast_inner_score_only_avoids_cost_stress" time="0.000" /><testcase classname="tests.test_sanity" name="test_fixed_validator_rejects_candidate_without_frozen_baseline_comparison" time="0.000" /><testcase classname="tests.test_sanity" name="test_nested_live_approval_uses_specific_config_frequency_and_turnover" time="0.000" /><testcase classname="tests.test_sanity" name="test_manual_publish_preserves_risk_mode_controls" time="0.000" /><testcase classname="tests.test_sanity" name="test_manual_publish_preserves_concentration_overlay_controls" time="0.000" /><testcase classname="tests.test_sanity" name="test_stable_family_signature_keeps_tqqq_separate" time="0.000" /><testcase classname="tests.test_sanity" name="test_manual_publish_stable_family_keeps_concentration_overlay_separate" time="0.000" /><testcase classname="tests.test_sanity" name="test_stable_family_tiebreak_prefers_no_tqqq_then_lower_drawdown" time="0.000" /><testcase classname="tests.test_sanity" name="test_manual_publish_approval_rejects_one_off_selected_config" time="0.001" /><testcase classname="tests.test_sanity" name="test_manual_publish_computes_selection_bias_in_sharpe_units" time="0.001" /><testcase classname="tests.test_sanity" name="test_manual_publish_blocks_large_selection_bias_gap" time="0.000" /><testcase classname="tests.test_sanity" name="test_manual_publish_stable_family_skips_latest_one_off_config" time="0.002" /><testcase classname="tests.test_sanity" name="test_manual_publish_blocks_walkforward_analyzer_failures" time="0.000" /><testcase classname="tests.test_sanity" name="test_inner_selection_scores_validation_folds_only" time="0.011" /><testcase classname="tests.test_sanity" name="test_inner_selection_rejects_configs_above_turnover_cap" time="0.011" /><testcase classname="tests.test_sanity" name="test_inner_selection_momentum_bonus_still_enabled_after_ab" time="0.005" /><testcase classname="tests.test_sanity" name="test_inner_selection_can_use_median_score_aggregation" time="0.010" /><testcase classname="tests.test_sanity" name="test_walkforward_checkpoint_key_changes_with_inner_aggregation" time="0.000" /><testcase classname="tests.test_sanity" name="test_walkforward_checkpoint_key_changes_with_deployment_gross_limit" time="0.000" /><testcase classname="tests.test_sanity" name="test_inner_selection_can_bonus_prior_config_family" time="0.007" /><testcase classname="tests.test_sanity" name="test_walkforward_checkpoint_key_changes_with_family_consensus" time="0.000" /><testcase classname="tests.test_sanity" name="test_walkforward_env_float_validates_numeric_bounds" time="0.000" /><testcase classname="tests.test_sanity" name="test_inner_selection_can_treat_stress_gate_as_diagnostic" time="0.000" /><testcase classname="tests.test_sanity" name="test_walkforward_analyzer_fails_incomplete_fold_rows" time="0.000" /><testcase classname="tests.test_sanity" name="test_walkforward_analyzer_accepts_fixed_baseline_return_alias" time="0.002" /><testcase classname="tests.test_sanity" name="test_walkforward_analyzer_skips_score_check_when_inner_columns_missing" time="0.000" /><testcase classname="tests.test_sanity" name="test_walkforward_analyzer_warns_when_cross_year_score_is_noisy_but_calibrated" time="0.001" /><testcase classname="tests.test_sanity" name="test_concentration_gate_warns_on_noisy_corr_without_material_delta" time="0.001" /><testcase classname="tests.test_sanity" name="test_concentration_gate_fails_when_delta_is_material" time="0.002" /><testcase classname="tests.test_sanity" name="test_walkforward_analyzer_prefers_stable_family_for_config_stability" time="0.001" /><testcase classname="tests.test_sanity" name="test_signal_timestamp_is_timezone_aware" time="0.000" /><testcase classname="tests.test_sanity" name="test_alpaca_health_filters_local_signal_fills" time="0.002" /><testcase classname="tests.test_sanity" name="test_execution_slippage_is_adverse_by_side" time="0.000" /><testcase classname="tests.test_sanity" name="test_execution_slippage_accepts_current_alpaca_log_columns" time="0.000" /><testcase classname="tests.test_sanity" name="test_slippage_summary_counts_partially_filled_alpaca_rows" time="0.002" /><testcase classname="tests.test_sanity" name="test_health_concentration_separates_core_etfs_from_overlay_stocks" time="0.000" /><testcase classname="tests.test_sanity" name="test_health_concentration_empty_positions_is_neutral" time="0.000" /><testcase classname="tests.test_sanity" name="test_health_concentration_unusable_position_values_is_neutral" time="0.000" /><testcase classname="tests.test_sanity" name="test_health_concentration_core_only_keeps_overlay_fields_neutral" time="0.000" /><testcase classname="tests.test_sanity" name="test_open_position_attribution_skips_zero_priced_positions" time="0.000" /><testcase classname="tests.test_sanity" name="test_open_position_attribution_skips_malformed_position_values" time="0.000" /><testcase classname="tests.test_sanity" name="test_current_order_lifecycle_summarizes_open_quantity" time="0.001" /><testcase classname="tests.test_sanity" name="test_current_order_lifecycle_accepts_current_alpaca_log_columns" time="0.000" /><testcase classname="tests.test_sanity" name="test_drift_breakdown_ranks_largest_drift_first" time="0.001" /><testcase classname="tests.test_sanity" name="test_stale_open_order_alerts_only_active_old_orders" time="0.000" /><testcase classname="tests.test_sanity" name="test_go_live_scorecard_tracks_progress_not_just_fail" time="0.000" /><testcase classname="tests.test_sanity" name="test_paper_health_factor_data_age_uses_nyse_holidays" time="0.003" /><testcase classname="tests.test_sanity" name="test_equity_sanity_flags_large_moves_and_duplicates" time="0.001" /><testcase classname="tests.test_sanity" name="test_etf_validator_rejects_flat_recent_close" time="0.001" /><testcase classname="tests.test_sanity" name="test_alpaca_gauntlet_signal_freshness_uses_timezone_aware_age" time="0.001" /><testcase classname="tests.test_sanity" name="test_config_health_requirement_detects_installed_package" time="0.000" /><testcase classname="tests.test_score_predictiveness_audit" name="test_score_predictiveness_audit_outputs_use_atomic_writers" time="0.000" /><testcase classname="tests.test_sector_relative_strength" name="test_sector_relative_strength_positive_for_stock_outperforming_sector" time="0.014" /><testcase classname="tests.test_sector_relative_strength" name="test_sector_relative_strength_is_point_in_time" time="0.016" /><testcase classname="tests.test_sector_relative_strength" name="test_sector_strength_missing_sector_inputs_returns_neutral_values" time="0.000" /><testcase classname="tests.test_sector_relative_strength" name="test_cross_sectional_rank_adds_clean_sector_relative_rank_names" time="0.019" /><testcase classname="tests.test_sector_relative_strength" name="test_sector_relative_rank_alias_clusters_with_raw_feature" time="0.000" /><testcase classname="tests.test_sentiment_fallback" name="test_score_todays_news_fallback_only_marks_partial_coverage" time="0.001" /><testcase classname="tests.test_sentiment_fallback" name="test_sentiment_health_degraded_when_all_providers_unavailable" time="0.000" /><testcase classname="tests.test_sentiment_fallback" name="test_sentiment_health_full_when_primary_has_neutral_fresh_news" time="0.001" /><testcase classname="tests.test_sentiment_fallback" name="test_core_satellite_veto_uses_negative_fallback_sentiment" time="0.004" /><testcase classname="tests.test_shadow_paper_journal" name="test_shadow_payload_builds_expected_candidate_from_grid" time="0.000" /><testcase classname="tests.test_shadow_paper_journal" name="test_shadow_validation_bundle_matches_shadow_config" time="0.015" /><testcase classname="tests.test_shadow_paper_journal" name="test_shadow_signal_uses_nontrading_provisional_bundle_path" time="0.003" /><testcase classname="tests.test_shadow_paper_journal" name="test_append_shadow_journal_replaces_same_day_same_config" time="0.002" /><testcase classname="tests.test_shadow_paper_journal" name="test_append_shadow_journal_handles_empty_existing_file" time="0.001" /><testcase classname="tests.test_shadow_paper_journal" name="test_journal_row_carries_signal_and_validation_metrics" time="0.000" /><testcase classname="tests.test_shadow_paper_journal" name="test_update_shadow_equity_initializes_first_row" time="0.002" /><testcase classname="tests.test_shadow_paper_journal" name="test_update_shadow_equity_uses_prior_target_weights" time="0.007" /><testcase classname="tests.test_shap_feature_reducer" name="test_shap_reducer_selects_predictive_feature_deterministically" time="0.017" /><testcase classname="tests.test_shap_feature_reducer" name="test_shap_reducer_rejects_misaligned_feature_names" time="0.002" /><testcase classname="tests.test_signals.TestUnifiedSignalFile" name="test_required_columns_present" time="0.000"><skipped message="See originating CI run for details" /></testcase><testcase classname="tests.test_signals.TestUnifiedSignalFile" name="test_signal_type_correct" time="0.000"><skipped message="See originating CI run for details" /></testcase><testcase classname="tests.test_signals.TestUnifiedSignalFile" name="test_paper_ready_has_gate_reason_when_blocked" time="0.000"><skipped message="See originating CI run for details" /></testcase><testcase classname="tests.test_signals.TestUnifiedSignalFile" name="test_gates_all_pass" time="0.000"><skipped message="See originating CI run for details" /></testcase><testcase classname="tests.test_signals.TestUnifiedSignalFile" name="test_tqqq_weight_non_negative" time="0.000"><skipped message="See originating CI run for details" /></testcase><testcase classname="tests.test_signals.TestUnifiedSignalFile" name="test_regime_is_valid" time="0.000"><skipped message="See originating CI run for details" /></testcase><testcase classname="tests.test_signals.TestUnifiedSignalFile" name="test_gross_exposure_within_limit" time="0.000"><skipped message="See originating CI run for details" /></testcase><testcase classname="tests.test_signals.TestUnifiedSignalFile" name="test_weights_are_finite" time="0.000"><skipped message="See originating CI run for details" /></testcase><testcase classname="tests.test_signals.TestUnifiedSignalFile" name="test_weights_non_negative" time="0.000"><skipped message="See originating CI run for details" /></testcase><testcase classname="tests.test_signals.TestUnifiedSignalFile" name="test_tqqq_zero_during_risk_off" time="0.000"><skipped message="See originating CI run for details" /></testcase><testcase classname="tests.test_signals.TestUnifiedSignalFile" name="test_overlay_weights_json_valid" time="0.000"><skipped message="See originating CI run for details" /></testcase><testcase classname="tests.test_signals.TestUnifiedSignalFile" name="test_overlay_tickers_match_json" time="0.000"><skipped message="See originating CI run for details" /></testcase><testcase classname="tests.test_signals.TestUnifiedSignalFile" name="test_predicted_at_is_recent" time="0.000"><skipped message="See originating CI run for details" /></testcase><testcase classname="tests.test_signals.TestUnifiedSignalFile" name="test_gross_equals_sum_of_weights" time="0.000"><skipped message="See originating CI run for details" /></testcase><testcase classname="tests.test_signals.TestCoreSatelliteSignalFile" name="test_required_columns_present" time="0.000"><skipped message="See originating CI run for details" /></testcase><testcase classname="tests.test_signals.TestCoreSatelliteSignalFile" name="test_signal_type_correct" time="0.000"><skipped message="See originating CI run for details" /></testcase><testcase classname="tests.test_signals.TestCoreSatelliteSignalFile" name="test_gross_exposure_within_limit" time="0.000"><skipped message="See originating CI run for details" /></testcase><testcase classname="tests.test_signals.TestCoreSatelliteSignalFile" name="test_tqqq_weight_non_negative" time="0.000"><skipped message="See originating CI run for details" /></testcase><testcase classname="tests.test_signals.TestCoreSatelliteSignalFile" name="test_overlay_weights_json_valid" time="0.000"><skipped message="See originating CI run for details" /></testcase><testcase classname="tests.test_signals.TestSignalConsistency" name="test_tqqq_weight_consistent_with_regime" time="0.000"><skipped message="See originating CI run for details" /></testcase><testcase classname="tests.test_signals.TestSignalConsistency" name="test_unified_signal_exists" time="0.000"><skipped message="See originating CI run for details" /></testcase><testcase classname="tests.test_social_sentiment_safety" name="test_social_safety_marks_fallback_without_model_social_columns" time="1.992" /><testcase classname="tests.test_social_sentiment_safety" name="test_conservative_filter_intentionally_strips_social_columns" time="0.001" /><testcase classname="tests.test_social_sentiment_safety" name="test_legacy_social_enabled_flag_does_not_inject_alpha" time="0.789" /><testcase classname="tests.test_social_sentiment_safety" name="test_future_social_alpha_validation_gate" time="0.000"><skipped message="See originating CI run for details" /></testcase><testcase classname="tests.test_status" name="test_signal_blocks_when_gates_fail" time="0.001" /><testcase classname="tests.test_status" name="test_signal_blocks_when_medium_risk_review_fails" time="0.001" /><testcase classname="tests.test_status" name="test_equity_uses_first_recorded_equity_as_start" time="0.001" /><testcase classname="tests.test_status" name="test_equity_falls_back_to_alpaca_status_when_csv_missing" time="0.001" /><testcase classname="tests.test_status" name="test_positions_compute_exposure_when_snapshot_lacks_field" time="0.001" /><testcase classname="tests.test_strategies.TestRegimeSwitching" name="test_risk_on_when_both_trends_up_low_vol" time="0.001" /><testcase classname="tests.test_strategies.TestRegimeSwitching" name="test_neutral_when_spy_up_qqq_down_low_vol" time="0.000" /><testcase classname="tests.test_strategies.TestRegimeSwitching" name="test_risk_off_when_spy_down" time="0.000" /><testcase classname="tests.test_strategies.TestRegimeSwitching" name="test_risk_off_when_high_vol" time="0.000" /><testcase classname="tests.test_strategies.TestRegimeSwitching" name="test_risk_off_weights_favor_spy" time="0.000" /><testcase classname="tests.test_strategies.TestRegimeSwitching" name="test_risk_on_has_highest_core_gross" time="0.000" /><testcase classname="tests.test_strategies.TestRegimeSwitching" name="test_static_fallback_when_no_preset" time="0.000" /><testcase classname="tests.test_strategies.TestRegimeSwitching" name="test_all_presets_have_three_regimes" time="0.000" /><testcase classname="tests.test_strategies.TestRegimeSwitching" name="test_overlay70_core55_preset_values" time="0.000" /><testcase classname="tests.test_strategies.TestOverlayWeights" name="test_equal_weight_sums_to_gross" time="0.000" /><testcase classname="tests.test_strategies.TestOverlayWeights" name="test_score_weight_sums_to_gross" time="0.001" /><testcase classname="tests.test_strategies.TestOverlayWeights" name="test_score_weight_higher_score_gets_more" time="0.001" /><testcase classname="tests.test_strategies.TestOverlayWeights" name="test_single_name_cap_enforced" time="0.001" /><testcase classname="tests.test_strategies.TestOverlayWeights" name="test_empty_selection_returns_empty" time="0.000" /><testcase classname="tests.test_strategies.TestOverlayWeights" name="test_cap_and_rescale_preserves_total" time="0.001" /><testcase classname="tests.test_strategies.TestExitFloor" name="test_fixed_mode_ignores_regime" time="0.000" /><testcase classname="tests.test_strategies.TestExitFloor" name="test_regime_mode_risk_on_lowers_floor" time="0.000" /><testcase classname="tests.test_strategies.TestExitFloor" name="test_regime_mode_risk_off_raises_floor" time="0.000" /><testcase classname="tests.test_strategies.TestExitFloor" name="test_regime_mode_neutral_returns_base" time="0.000" /><testcase classname="tests.test_strategies.TestScoreColumns" name="test_regime_adaptive_risk_on" time="0.000" /><testcase classname="tests.test_strategies.TestScoreColumns" name="test_regime_adaptive_risk_off" time="0.000" /><testcase classname="tests.test_strategies.TestScoreColumns" name="test_regime_adaptive_neutral" time="0.000" /><testcase classname="tests.test_strategies.TestScoreColumns" name="test_consensus_risk_on" time="0.000" /><testcase classname="tests.test_strategies.TestScoreColumns" name="test_non_adaptive_ignores_regime" time="0.000" /><testcase classname="tests.test_strategies.TestScoreColumns" name="test_top_count_shapes" time="0.000" /><testcase classname="tests.test_strategies.TestFactorFreshness" name="test_fresh_data_passes" time="0.001" /><testcase classname="tests.test_strategies.TestFactorFreshness" name="test_warn_zone_not_blocked" time="0.000" /><testcase classname="tests.test_strategies.TestFactorFreshness" name="test_block_zone_blocks" time="0.000" /><testcase classname="tests.test_strategies.TestFactorFreshness" name="test_ignore_stale_overrides_block" time="0.000" /><testcase classname="tests.test_strategies.TestOrderBuilding" name="test_buy_from_zero" time="0.000"><skipped message="See originating CI run for details" /></testcase><testcase classname="tests.test_strategies.TestOrderBuilding" name="test_sell_to_exit" time="0.000"><skipped message="See originating CI run for details" /></testcase><testcase classname="tests.test_strategies.TestOrderBuilding" name="test_hold_when_at_target" time="0.000"><skipped message="See originating CI run for details" /></testcase><testcase classname="tests.test_strategies.TestOrderBuilding" name="test_skip_below_min_trade_value" time="0.000"><skipped message="See originating CI run for details" /></testcase><testcase classname="tests.test_strategies.TestOrderBuilding" name="test_skip_missing_price" time="0.000"><skipped message="See originating CI run for details" /></testcase><testcase classname="tests.test_strategies.TestOrderBuilding" name="test_buy_limit_above_market" time="0.000"><skipped message="See originating CI run for details" /></testcase><testcase classname="tests.test_strategies.TestOrderBuilding" name="test_sell_limit_below_market" time="0.000"><skipped message="See originating CI run for details" /></testcase><testcase classname="tests.test_strategies.TestLimitPriceRounding" name="test_buy_rounds_up" time="0.000"><skipped message="See originating CI run for details" /></testcase><testcase classname="tests.test_strategies.TestLimitPriceRounding" name="test_sell_rounds_down" time="0.000"><skipped message="See originating CI run for details" /></testcase><testcase classname="tests.test_strategies.TestLimitPriceRounding" name="test_exact_penny_unchanged" time="0.000"><skipped message="See originating CI run for details" /></testcase><testcase classname="tests.test_strategies.TestTargetWeights" name="test_core_plus_overlay" time="0.000"><skipped message="See originating CI run for details" /></testcase><testcase classname="tests.test_strategies.TestTargetWeights" name="test_no_overlay_just_core" time="0.000"><skipped message="See originating CI run for details" /></testcase><testcase classname="tests.test_strategies.TestOrderStatusBucket" name="test_filled_variants" time="0.000"><skipped message="See originating CI run for details" /></testcase><testcase classname="tests.test_strategies.TestOrderStatusBucket" name="test_cancelled" time="0.000"><skipped message="See originating CI run for details" /></testcase><testcase classname="tests.test_strategies.TestOrderStatusBucket" name="test_pending" time="0.000"><skipped message="See originating CI run for details" /></testcase><testcase classname="tests.test_submission_history_guards" name="test_invalid_submission_quotes[0-1]" time="0.000" /><testcase classname="tests.test_submission_history_guards" name="test_invalid_submission_quotes[-1-1]" time="0.000" /><testcase classname="tests.test_submission_history_guards" name="test_invalid_submission_quotes[101-100]" time="0.000" /><testcase classname="tests.test_submission_history_guards" name="test_invalid_submission_quotes[nan-100]" time="0.000" /><testcase classname="tests.test_submission_history_guards" name="test_invalid_submission_quotes[100-inf]" time="0.000" /><testcase classname="tests.test_submission_history_guards" name="test_invalid_submission_quotes[None-100]" time="0.000" /><testcase classname="tests.test_submission_history_guards" name="test_missing_stale_and_future_timestamps[None]" time="0.000" /><testcase classname="tests.test_submission_history_guards" name="test_missing_stale_and_future_timestamps[bad]" time="0.000" /><testcase classname="tests.test_submission_history_guards" name="test_missing_stale_and_future_timestamps[2020-01-01T00:00:00Z]" time="0.000" /><testcase classname="tests.test_submission_history_guards" name="test_missing_stale_and_future_timestamps[2026-09-11T04:48:10.297930+00:00]" time="0.000" /><testcase classname="tests.test_submission_history_guards" name="test_threshold_uses_prices_and_asset_type" time="0.000" /><testcase classname="tests.test_submission_history_guards" name="test_narrow_planning_quote_then_wide_submission_blocks[True]" time="0.000" /><testcase classname="tests.test_submission_history_guards" name="test_narrow_planning_quote_then_wide_submission_blocks[False]" time="0.000" /><testcase classname="tests.test_submission_history_guards" name="test_consecutive_confirmation[raw0-3-expected0]" time="0.000" /><testcase classname="tests.test_submission_history_guards" name="test_consecutive_confirmation[raw1-3-expected1]" time="0.000" /><testcase classname="tests.test_submission_history_guards" name="test_consecutive_confirmation[raw2-3-expected2]" time="0.000" /><testcase classname="tests.test_submission_history_guards" name="test_consecutive_confirmation[raw3-3-expected3]" time="0.000" /><testcase classname="tests.test_submission_history_guards" name="test_consecutive_confirmation[raw4-1-expected4]" time="0.000" /><testcase classname="tests.test_submission_history_guards" name="test_consecutive_confirmation[raw5-3-expected5]" time="0.000" /><testcase classname="tests.test_submission_history_guards" name="test_session_offsets_skip_holidays" time="0.001" /><testcase classname="tests.test_submission_history_guards" name="test_loader_keeps_missing_future_and_actual_timestamps" time="0.009" /><testcase classname="tests.test_submission_history_guards" name="test_missing_future_does_not_change_selection_and_stops_run" time="0.006" /><testcase classname="tests.test_submission_history_guards" name="test_actual_label_end_purges_whole_period" time="0.001" /><testcase classname="tests.test_submission_history_guards" name="test_calendar_purges_december_holiday_crossing" time="0.006" /><testcase classname="tests.test_submission_history_guards" name="test_cache_alignment_order_and_isolation" time="0.005" /><testcase classname="tests.test_submission_history_guards" name="test_cache_does_not_use_future_observation" time="0.002" /><testcase classname="tests.test_submission_history_guards" name="test_failed_download_can_retry" time="0.001" /><testcase classname="tests.test_submission_history_guards" name="test_early_exit_survives_purging_next_trade" time="0.007" /><testcase classname="tests.test_submission_history_guards" name="test_delayed_fold_boundary_uses_exchange_exit" time="0.006" /><testcase classname="tests.test_submission_history_guards" name="test_blocked_replacement_preserves_partial_fill_and_reason[replacement0]" time="0.004" /><testcase classname="tests.test_submission_history_guards" name="test_blocked_replacement_preserves_partial_fill_and_reason[replacement1]" time="0.004" /><testcase classname="tests.test_submission_history_guards" name="test_blocked_replacement_preserves_partial_fill_and_reason[replacement2]" time="0.003" /><testcase classname="tests.test_submission_history_guards" name="test_blocked_replacement_preserves_partial_fill_and_reason[replacement3]" time="0.003" /><testcase classname="tests.test_submission_history_guards" name="test_causal_alignment_uses_interior_source_bar_and_refresh" time="0.005" /><testcase classname="tests.test_submission_history_guards" name="test_skipped_sell_cannot_unlock_buy_phase" time="0.109" /><testcase classname="tests.test_tqqq_retirement" name="test_write_tqqq_signal_is_retired_and_does_not_write" time="0.001" /><testcase classname="tests.test_tqqq_retirement" name="test_tqqq_research_backtest_function_remains_importable" time="0.000" /><testcase classname="tests.test_tqqq_retirement" name="test_tqqq_default_cli_exits_before_live_generation" time="1.242" /><testcase classname="tests.test_train_shadow" name="test_shadow_registry_name_cannot_replace_production_lookup" time="0.000" /><testcase classname="tests.test_train_shadow" name="test_production_registry_name_remains_backward_compatible" time="0.000" /><testcase classname="tests.test_universe_membership" name="test_status_cli_reports_missing_table" time="0.002" /><testcase classname="tests.test_universe_membership" name="test_complete_membership_filters_ineligible_ticker_dates" time="0.009" /><testcase classname="tests.test_universe_membership" name="test_incomplete_membership_never_partially_filters_panel" time="0.003" /><testcase classname="tests.test_universe_membership" name="test_membership_without_free_source_provenance_stays_blocked" time="0.003" /><testcase classname="tests.test_universe_membership" name="test_current_only_membership_cannot_fake_historical_completeness" time="0.004" /><testcase classname="tests.test_workflow_failure_annotation" name="test_failed_step_ids_reports_only_failed_or_cancelled_steps" time="0.000" /><testcase classname="tests.test_workflow_failure_annotation" name="test_failed_step_ids_tolerates_bad_json" time="0.000" /><testcase classname="tests.test_workflow_watchdog" name="test_watchdog_detects_missing_due_workflow" time="0.001" /><testcase classname="tests.test_workflow_watchdog" name="test_watchdog_ignores_offseason_duplicate_and_accepts_expected_run" time="0.001" /><testcase classname="tests.test_workflow_watchdog" name="test_watchdog_dispatches_missing_daily_run_only_inside_safe_window" time="0.001" /><testcase classname="tests.test_workflow_watchdog" name="test_watchdog_never_dispatches_daily_run_after_cutoff" time="0.346" /><testcase classname="tests.test_workflow_watchdog" name="test_watchdog_retries_failed_shadow_only_once" time="0.373" /><testcase classname="tests.test_workflow_watchdog" name="test_manual_daily_dry_run_does_not_count_as_real_session" time="0.348" /><testcase classname="tests.test_workflow_watchdog" name="test_incident_key_stays_stable_when_reason_changes" time="0.002" /><testcase classname="tests.test_workflow_watchdog" name="test_delayed_real_schedule_beats_fast_daylight_saving_skip" time="0.000" /><testcase classname="tests.test_workflow_watchdog" name="test_workflow_timing_records_delay_queue_runtime_timeout_and_fallback" time="0.002" /></testsuite>